This is pdfTeX, Version 3.14159265-2.6-1.40.18 (TeX Live 2017/Debian) (preloaded format=pdflatex 2020.8.3)  14 NOV 2020 02:48
entering extended mode
 restricted \write18 enabled.
 %&-line parsing enabled.
**book.tex
(./book.tex
LaTeX2e <2017-04-15>
Babel <3.18> and hyphenation patterns for 3 language(s) loaded.
(/usr/share/texlive/texmf-dist/tex/latex/base/report.cls
Document Class: report 2014/09/29 v1.4h Standard LaTeX document class
(/usr/share/texlive/texmf-dist/tex/latex/base/leqno.clo
File: leqno.clo 2016/12/29 v1.2a Standard LaTeX option (left equation numbers)
)
(/usr/share/texlive/texmf-dist/tex/latex/base/size11.clo
File: size11.clo 2014/09/29 v1.4h Standard LaTeX file (size option)
)
\c@part=\count79
\c@chapter=\count80
\c@section=\count81
\c@subsection=\count82
\c@subsubsection=\count83
\c@paragraph=\count84
\c@subparagraph=\count85
\c@figure=\count86
\c@table=\count87
\abovecaptionskip=\skip41
\belowcaptionskip=\skip42
\bibindent=\dimen102
)
(/usr/share/texlive/texmf-dist/tex/latex/pgf/frontendlayer/tikz.sty
(/usr/share/texlive/texmf-dist/tex/latex/pgf/basiclayer/pgf.sty
(/usr/share/texlive/texmf-dist/tex/latex/pgf/utilities/pgfrcs.sty
(/usr/share/texlive/texmf-dist/tex/generic/pgf/utilities/pgfutil-common.tex
\pgfutil@everybye=\toks14
\pgfutil@tempdima=\dimen103
\pgfutil@tempdimb=\dimen104

(/usr/share/texlive/texmf-dist/tex/generic/pgf/utilities/pgfutil-common-lists.t
ex)) (/usr/share/texlive/texmf-dist/tex/generic/pgf/utilities/pgfutil-latex.def
\pgfutil@abb=\box26
(/usr/share/texlive/texmf-dist/tex/latex/ms/everyshi.sty
Package: everyshi 2001/05/15 v3.00 EveryShipout Package (MS)
))
(/usr/share/texlive/texmf-dist/tex/generic/pgf/utilities/pgfrcs.code.tex
Package: pgfrcs 2015/08/07 v3.0.1a (rcs-revision 1.31)
))
Package: pgf 2015/08/07 v3.0.1a (rcs-revision 1.15)

(/usr/share/texlive/texmf-dist/tex/latex/pgf/basiclayer/pgfcore.sty
(/usr/share/texlive/texmf-dist/tex/latex/graphics/graphicx.sty
Package: graphicx 2017/06/01 v1.1a Enhanced LaTeX Graphics (DPC,SPQR)

(/usr/share/texlive/texmf-dist/tex/latex/graphics/keyval.sty
Package: keyval 2014/10/28 v1.15 key=value parser (DPC)
\KV@toks@=\toks15
)
(/usr/share/texlive/texmf-dist/tex/latex/graphics/graphics.sty
Package: graphics 2017/06/25 v1.2c Standard LaTeX Graphics (DPC,SPQR)

(/usr/share/texlive/texmf-dist/tex/latex/graphics/trig.sty
Package: trig 2016/01/03 v1.10 sin cos tan (DPC)
)
(/usr/share/texlive/texmf-dist/tex/latex/graphics-cfg/graphics.cfg
File: graphics.cfg 2016/06/04 v1.11 sample graphics configuration
)
Package graphics Info: Driver file: pdftex.def on input line 99.

(/usr/share/texlive/texmf-dist/tex/latex/graphics-def/pdftex.def
File: pdftex.def 2018/01/08 v1.0l Graphics/color driver for pdftex
))
\Gin@req@height=\dimen105
\Gin@req@width=\dimen106
)
(/usr/share/texlive/texmf-dist/tex/latex/pgf/systemlayer/pgfsys.sty
(/usr/share/texlive/texmf-dist/tex/generic/pgf/systemlayer/pgfsys.code.tex
Package: pgfsys 2014/07/09 v3.0.1a (rcs-revision 1.48)

(/usr/share/texlive/texmf-dist/tex/generic/pgf/utilities/pgfkeys.code.tex
\pgfkeys@pathtoks=\toks16
\pgfkeys@temptoks=\toks17

(/usr/share/texlive/texmf-dist/tex/generic/pgf/utilities/pgfkeysfiltered.code.t
ex
\pgfkeys@tmptoks=\toks18
))
\pgf@x=\dimen107
\pgf@y=\dimen108
\pgf@xa=\dimen109
\pgf@ya=\dimen110
\pgf@xb=\dimen111
\pgf@yb=\dimen112
\pgf@xc=\dimen113
\pgf@yc=\dimen114
\w@pgf@writea=\write3
\r@pgf@reada=\read1
\c@pgf@counta=\count88
\c@pgf@countb=\count89
\c@pgf@countc=\count90
\c@pgf@countd=\count91
\t@pgf@toka=\toks19
\t@pgf@tokb=\toks20
\t@pgf@tokc=\toks21
 (/usr/share/texlive/texmf-dist/tex/generic/pgf/systemlayer/pgf.cfg
File: pgf.cfg 2008/05/14  (rcs-revision 1.7)
)
Driver file for pgf: pgfsys-pdftex.def

(/usr/share/texlive/texmf-dist/tex/generic/pgf/systemlayer/pgfsys-pdftex.def
File: pgfsys-pdftex.def 2014/10/11  (rcs-revision 1.35)

(/usr/share/texlive/texmf-dist/tex/generic/pgf/systemlayer/pgfsys-common-pdf.de
f
File: pgfsys-common-pdf.def 2013/10/10  (rcs-revision 1.13)
)))
(/usr/share/texlive/texmf-dist/tex/generic/pgf/systemlayer/pgfsyssoftpath.code.
tex
File: pgfsyssoftpath.code.tex 2013/09/09  (rcs-revision 1.9)
\pgfsyssoftpath@smallbuffer@items=\count92
\pgfsyssoftpath@bigbuffer@items=\count93
)
(/usr/share/texlive/texmf-dist/tex/generic/pgf/systemlayer/pgfsysprotocol.code.
tex
File: pgfsysprotocol.code.tex 2006/10/16  (rcs-revision 1.4)
)) (/usr/share/texlive/texmf-dist/tex/latex/xcolor/xcolor.sty
Package: xcolor 2016/05/11 v2.12 LaTeX color extensions (UK)

(/usr/share/texlive/texmf-dist/tex/latex/graphics-cfg/color.cfg
File: color.cfg 2016/01/02 v1.6 sample color configuration
)
Package xcolor Info: Driver file: pdftex.def on input line 225.
Package xcolor Info: Model `cmy' substituted by `cmy0' on input line 1348.
Package xcolor Info: Model `hsb' substituted by `rgb' on input line 1352.
Package xcolor Info: Model `RGB' extended on input line 1364.
Package xcolor Info: Model `HTML' substituted by `rgb' on input line 1366.
Package xcolor Info: Model `Hsb' substituted by `hsb' on input line 1367.
Package xcolor Info: Model `tHsb' substituted by `hsb' on input line 1368.
Package xcolor Info: Model `HSB' substituted by `hsb' on input line 1369.
Package xcolor Info: Model `Gray' substituted by `gray' on input line 1370.
Package xcolor Info: Model `wave' substituted by `hsb' on input line 1371.
)
(/usr/share/texlive/texmf-dist/tex/generic/pgf/basiclayer/pgfcore.code.tex
Package: pgfcore 2010/04/11 v3.0.1a (rcs-revision 1.7)

(/usr/share/texlive/texmf-dist/tex/generic/pgf/math/pgfmath.code.tex
(/usr/share/texlive/texmf-dist/tex/generic/pgf/math/pgfmathcalc.code.tex
(/usr/share/texlive/texmf-dist/tex/generic/pgf/math/pgfmathutil.code.tex)
(/usr/share/texlive/texmf-dist/tex/generic/pgf/math/pgfmathparser.code.tex
\pgfmath@dimen=\dimen115
\pgfmath@count=\count94
\pgfmath@box=\box27
\pgfmath@toks=\toks22
\pgfmath@stack@operand=\toks23
\pgfmath@stack@operation=\toks24
)
(/usr/share/texlive/texmf-dist/tex/generic/pgf/math/pgfmathfunctions.code.tex
(/usr/share/texlive/texmf-dist/tex/generic/pgf/math/pgfmathfunctions.basic.code
.tex)
(/usr/share/texlive/texmf-dist/tex/generic/pgf/math/pgfmathfunctions.trigonomet
ric.code.tex)
(/usr/share/texlive/texmf-dist/tex/generic/pgf/math/pgfmathfunctions.random.cod
e.tex)
(/usr/share/texlive/texmf-dist/tex/generic/pgf/math/pgfmathfunctions.comparison
.code.tex)
(/usr/share/texlive/texmf-dist/tex/generic/pgf/math/pgfmathfunctions.base.code.
tex)
(/usr/share/texlive/texmf-dist/tex/generic/pgf/math/pgfmathfunctions.round.code
.tex)
(/usr/share/texlive/texmf-dist/tex/generic/pgf/math/pgfmathfunctions.misc.code.
tex)
(/usr/share/texlive/texmf-dist/tex/generic/pgf/math/pgfmathfunctions.integerari
thmetics.code.tex)))
(/usr/share/texlive/texmf-dist/tex/generic/pgf/math/pgfmathfloat.code.tex
\c@pgfmathroundto@lastzeros=\count95
))
(/usr/share/texlive/texmf-dist/tex/generic/pgf/basiclayer/pgfcorepoints.code.te
x
File: pgfcorepoints.code.tex 2013/10/07  (rcs-revision 1.27)
\pgf@picminx=\dimen116
\pgf@picmaxx=\dimen117
\pgf@picminy=\dimen118
\pgf@picmaxy=\dimen119
\pgf@pathminx=\dimen120
\pgf@pathmaxx=\dimen121
\pgf@pathminy=\dimen122
\pgf@pathmaxy=\dimen123
\pgf@xx=\dimen124
\pgf@xy=\dimen125
\pgf@yx=\dimen126
\pgf@yy=\dimen127
\pgf@zx=\dimen128
\pgf@zy=\dimen129
)
(/usr/share/texlive/texmf-dist/tex/generic/pgf/basiclayer/pgfcorepathconstruct.
code.tex
File: pgfcorepathconstruct.code.tex 2013/10/07  (rcs-revision 1.29)
\pgf@path@lastx=\dimen130
\pgf@path@lasty=\dimen131
)
(/usr/share/texlive/texmf-dist/tex/generic/pgf/basiclayer/pgfcorepathusage.code
.tex
File: pgfcorepathusage.code.tex 2014/11/02  (rcs-revision 1.24)
\pgf@shorten@end@additional=\dimen132
\pgf@shorten@start@additional=\dimen133
)
(/usr/share/texlive/texmf-dist/tex/generic/pgf/basiclayer/pgfcorescopes.code.te
x
File: pgfcorescopes.code.tex 2015/05/08  (rcs-revision 1.46)
\pgfpic=\box28
\pgf@hbox=\box29
\pgf@layerbox@main=\box30
\pgf@picture@serial@count=\count96
)
(/usr/share/texlive/texmf-dist/tex/generic/pgf/basiclayer/pgfcoregraphicstate.c
ode.tex
File: pgfcoregraphicstate.code.tex 2014/11/02  (rcs-revision 1.12)
\pgflinewidth=\dimen134
)
(/usr/share/texlive/texmf-dist/tex/generic/pgf/basiclayer/pgfcoretransformation
s.code.tex
File: pgfcoretransformations.code.tex 2015/08/07  (rcs-revision 1.20)
\pgf@pt@x=\dimen135
\pgf@pt@y=\dimen136
\pgf@pt@temp=\dimen137
)
(/usr/share/texlive/texmf-dist/tex/generic/pgf/basiclayer/pgfcorequick.code.tex
File: pgfcorequick.code.tex 2008/10/09  (rcs-revision 1.3)
)
(/usr/share/texlive/texmf-dist/tex/generic/pgf/basiclayer/pgfcoreobjects.code.t
ex
File: pgfcoreobjects.code.tex 2006/10/11  (rcs-revision 1.2)
)
(/usr/share/texlive/texmf-dist/tex/generic/pgf/basiclayer/pgfcorepathprocessing
.code.tex
File: pgfcorepathprocessing.code.tex 2013/09/09  (rcs-revision 1.9)
)
(/usr/share/texlive/texmf-dist/tex/generic/pgf/basiclayer/pgfcorearrows.code.te
x
File: pgfcorearrows.code.tex 2015/05/14  (rcs-revision 1.43)
\pgfarrowsep=\dimen138
)
(/usr/share/texlive/texmf-dist/tex/generic/pgf/basiclayer/pgfcoreshade.code.tex
File: pgfcoreshade.code.tex 2013/07/15  (rcs-revision 1.15)
\pgf@max=\dimen139
\pgf@sys@shading@range@num=\count97
)
(/usr/share/texlive/texmf-dist/tex/generic/pgf/basiclayer/pgfcoreimage.code.tex
File: pgfcoreimage.code.tex 2013/07/15  (rcs-revision 1.18)

(/usr/share/texlive/texmf-dist/tex/generic/pgf/basiclayer/pgfcoreexternal.code.
tex
File: pgfcoreexternal.code.tex 2014/07/09  (rcs-revision 1.21)
\pgfexternal@startupbox=\box31
))
(/usr/share/texlive/texmf-dist/tex/generic/pgf/basiclayer/pgfcorelayers.code.te
x
File: pgfcorelayers.code.tex 2013/07/18  (rcs-revision 1.7)
)
(/usr/share/texlive/texmf-dist/tex/generic/pgf/basiclayer/pgfcoretransparency.c
ode.tex
File: pgfcoretransparency.code.tex 2013/09/30  (rcs-revision 1.5)
)
(/usr/share/texlive/texmf-dist/tex/generic/pgf/basiclayer/pgfcorepatterns.code.
tex
File: pgfcorepatterns.code.tex 2013/11/07  (rcs-revision 1.5)
)))
(/usr/share/texlive/texmf-dist/tex/generic/pgf/modules/pgfmoduleshapes.code.tex
File: pgfmoduleshapes.code.tex 2014/03/21  (rcs-revision 1.35)
\pgfnodeparttextbox=\box32
) (/usr/share/texlive/texmf-dist/tex/generic/pgf/modules/pgfmoduleplot.code.tex
File: pgfmoduleplot.code.tex 2015/08/03  (rcs-revision 1.13)
)
(/usr/share/texlive/texmf-dist/tex/latex/pgf/compatibility/pgfcomp-version-0-65
.sty
Package: pgfcomp-version-0-65 2007/07/03 v3.0.1a (rcs-revision 1.7)
\pgf@nodesepstart=\dimen140
\pgf@nodesepend=\dimen141
)
(/usr/share/texlive/texmf-dist/tex/latex/pgf/compatibility/pgfcomp-version-1-18
.sty
Package: pgfcomp-version-1-18 2007/07/23 v3.0.1a (rcs-revision 1.1)
)) (/usr/share/texlive/texmf-dist/tex/latex/pgf/utilities/pgffor.sty
(/usr/share/texlive/texmf-dist/tex/latex/pgf/utilities/pgfkeys.sty
(/usr/share/texlive/texmf-dist/tex/generic/pgf/utilities/pgfkeys.code.tex))
(/usr/share/texlive/texmf-dist/tex/latex/pgf/math/pgfmath.sty
(/usr/share/texlive/texmf-dist/tex/generic/pgf/math/pgfmath.code.tex))
(/usr/share/texlive/texmf-dist/tex/generic/pgf/utilities/pgffor.code.tex
Package: pgffor 2013/12/13 v3.0.1a (rcs-revision 1.25)

(/usr/share/texlive/texmf-dist/tex/generic/pgf/math/pgfmath.code.tex)
\pgffor@iter=\dimen142
\pgffor@skip=\dimen143
\pgffor@stack=\toks25
\pgffor@toks=\toks26
))
(/usr/share/texlive/texmf-dist/tex/generic/pgf/frontendlayer/tikz/tikz.code.tex
Package: tikz 2015/08/07 v3.0.1a (rcs-revision 1.151)

(/usr/share/texlive/texmf-dist/tex/generic/pgf/libraries/pgflibraryplothandlers
.code.tex
File: pgflibraryplothandlers.code.tex 2013/08/31 v3.0.1a (rcs-revision 1.20)
\pgf@plot@mark@count=\count98
\pgfplotmarksize=\dimen144
)
\tikz@lastx=\dimen145
\tikz@lasty=\dimen146
\tikz@lastxsaved=\dimen147
\tikz@lastysaved=\dimen148
\tikzleveldistance=\dimen149
\tikzsiblingdistance=\dimen150
\tikz@figbox=\box33
\tikz@figbox@bg=\box34
\tikz@tempbox=\box35
\tikz@tempbox@bg=\box36
\tikztreelevel=\count99
\tikznumberofchildren=\count100
\tikznumberofcurrentchild=\count101
\tikz@fig@count=\count102

(/usr/share/texlive/texmf-dist/tex/generic/pgf/modules/pgfmodulematrix.code.tex
File: pgfmodulematrix.code.tex 2013/09/17  (rcs-revision 1.8)
\pgfmatrixcurrentrow=\count103
\pgfmatrixcurrentcolumn=\count104
\pgf@matrix@numberofcolumns=\count105
)
\tikz@expandcount=\count106

(/usr/share/texlive/texmf-dist/tex/generic/pgf/frontendlayer/tikz/libraries/tik
zlibrarytopaths.code.tex
File: tikzlibrarytopaths.code.tex 2008/06/17 v3.0.1a (rcs-revision 1.2)
)))
(/usr/share/texlive/texmf-dist/tex/latex/amsmath/amsmath.sty
Package: amsmath 2017/09/02 v2.17a AMS math features
\@mathmargin=\skip43

For additional information on amsmath, use the `?' option.
(/usr/share/texlive/texmf-dist/tex/latex/amsmath/amstext.sty
Package: amstext 2000/06/29 v2.01 AMS text

(/usr/share/texlive/texmf-dist/tex/latex/amsmath/amsgen.sty
File: amsgen.sty 1999/11/30 v2.0 generic functions
\@emptytoks=\toks27
\ex@=\dimen151
))
(/usr/share/texlive/texmf-dist/tex/latex/amsmath/amsbsy.sty
Package: amsbsy 1999/11/29 v1.2d Bold Symbols
\pmbraise@=\dimen152
)
(/usr/share/texlive/texmf-dist/tex/latex/amsmath/amsopn.sty
Package: amsopn 2016/03/08 v2.02 operator names
)
\inf@bad=\count107
LaTeX Info: Redefining \frac on input line 213.
\uproot@=\count108
\leftroot@=\count109
LaTeX Info: Redefining \overline on input line 375.
\classnum@=\count110
\DOTSCASE@=\count111
LaTeX Info: Redefining \ldots on input line 472.
LaTeX Info: Redefining \dots on input line 475.
LaTeX Info: Redefining \cdots on input line 596.
\Mathstrutbox@=\box37
\strutbox@=\box38
\big@size=\dimen153
LaTeX Font Info:    Redeclaring font encoding OML on input line 712.
LaTeX Font Info:    Redeclaring font encoding OMS on input line 713.
\macc@depth=\count112
\c@MaxMatrixCols=\count113
\dotsspace@=\muskip10
\c@parentequation=\count114
\dspbrk@lvl=\count115
\tag@help=\toks28
\row@=\count116
\column@=\count117
\maxfields@=\count118
\andhelp@=\toks29
\eqnshift@=\dimen154
\alignsep@=\dimen155
\tagshift@=\dimen156
\tagwidth@=\dimen157
\totwidth@=\dimen158
\lineht@=\dimen159
\@envbody=\toks30
\multlinegap=\skip44
\multlinetaggap=\skip45
\mathdisplay@stack=\toks31
LaTeX Info: Redefining \[ on input line 2817.
LaTeX Info: Redefining \] on input line 2818.
)
(/usr/share/texlive/texmf-dist/tex/latex/amscls/amsthm.sty
Package: amsthm 2017/10/31 v2.20.4
\thm@style=\toks32
\thm@bodyfont=\toks33
\thm@headfont=\toks34
\thm@notefont=\toks35
\thm@headpunct=\toks36
\thm@preskip=\skip46
\thm@postskip=\skip47
\thm@headsep=\skip48
\dth@everypar=\toks37
)
(/usr/share/texlive/texmf-dist/tex/latex/amsfonts/amssymb.sty
Package: amssymb 2013/01/14 v3.01 AMS font symbols

(/usr/share/texlive/texmf-dist/tex/latex/amsfonts/amsfonts.sty
Package: amsfonts 2013/01/14 v3.01 Basic AMSFonts support
\symAMSa=\mathgroup4
\symAMSb=\mathgroup5
LaTeX Font Info:    Overwriting math alphabet `\mathfrak' in version `bold'
(Font)                  U/euf/m/n --> U/euf/b/n on input line 106.
))
(/usr/share/texlive/texmf-dist/tex/latex/float/float.sty
Package: float 2001/11/08 v1.3d Float enhancements (AL)
\c@float@type=\count119
\float@exts=\toks38
\float@box=\box39
\@float@everytoks=\toks39
\@floatcapt=\box40
)
(/usr/share/texlive/texmf-dist/tex/latex/hyperref/hyperref.sty
Package: hyperref 2018/02/06 v6.86b Hypertext links for LaTeX

(/usr/share/texlive/texmf-dist/tex/generic/oberdiek/hobsub-hyperref.sty
Package: hobsub-hyperref 2016/05/16 v1.14 Bundle oberdiek, subset hyperref (HO)


(/usr/share/texlive/texmf-dist/tex/generic/oberdiek/hobsub-generic.sty
Package: hobsub-generic 2016/05/16 v1.14 Bundle oberdiek, subset generic (HO)
Package: hobsub 2016/05/16 v1.14 Construct package bundles (HO)
Package: infwarerr 2016/05/16 v1.4 Providing info/warning/error messages (HO)
Package: ltxcmds 2016/05/16 v1.23 LaTeX kernel commands for general use (HO)
Package: ifluatex 2016/05/16 v1.4 Provides the ifluatex switch (HO)
Package ifluatex Info: LuaTeX not detected.
Package: ifvtex 2016/05/16 v1.6 Detect VTeX and its facilities (HO)
Package ifvtex Info: VTeX not detected.
Package: intcalc 2016/05/16 v1.2 Expandable calculations with integers (HO)
Package: ifpdf 2017/03/15 v3.2 Provides the ifpdf switch
Package: etexcmds 2016/05/16 v1.6 Avoid name clashes with e-TeX commands (HO)
Package etexcmds Info: Could not find \expanded.
(etexcmds)             That can mean that you are not using pdfTeX 1.50 or
(etexcmds)             that some package has redefined \expanded.
(etexcmds)             In the latter case, load this package earlier.
Package: kvsetkeys 2016/05/16 v1.17 Key value parser (HO)
Package: kvdefinekeys 2016/05/16 v1.4 Define keys (HO)
Package: pdftexcmds 2018/01/21 v0.26 Utility functions of pdfTeX for LuaTeX (HO
)
Package pdftexcmds Info: LuaTeX not detected.
Package pdftexcmds Info: \pdf@primitive is available.
Package pdftexcmds Info: \pdf@ifprimitive is available.
Package pdftexcmds Info: \pdfdraftmode found.
Package: pdfescape 2016/05/16 v1.14 Implements pdfTeX's escape features (HO)
Package: bigintcalc 2016/05/16 v1.4 Expandable calculations on big integers (HO
)
Package: bitset 2016/05/16 v1.2 Handle bit-vector datatype (HO)
Package: uniquecounter 2016/05/16 v1.3 Provide unlimited unique counter (HO)
)
Package hobsub Info: Skipping package `hobsub' (already loaded).
Package: letltxmacro 2016/05/16 v1.5 Let assignment for LaTeX macros (HO)
Package: hopatch 2016/05/16 v1.3 Wrapper for package hooks (HO)
Package: xcolor-patch 2016/05/16 xcolor patch
Package: atveryend 2016/05/16 v1.9 Hooks at the very end of document (HO)
Package atveryend Info: \enddocument detected (standard20110627).
Package: atbegshi 2016/06/09 v1.18 At begin shipout hook (HO)
Package: refcount 2016/05/16 v3.5 Data extraction from label references (HO)
Package: hycolor 2016/05/16 v1.8 Color options for hyperref/bookmark (HO)
)
(/usr/share/texlive/texmf-dist/tex/generic/ifxetex/ifxetex.sty
Package: ifxetex 2010/09/12 v0.6 Provides ifxetex conditional
)
(/usr/share/texlive/texmf-dist/tex/latex/oberdiek/auxhook.sty
Package: auxhook 2016/05/16 v1.4 Hooks for auxiliary files (HO)
)
(/usr/share/texlive/texmf-dist/tex/latex/oberdiek/kvoptions.sty
Package: kvoptions 2016/05/16 v3.12 Key value format for package options (HO)
)
\@linkdim=\dimen160
\Hy@linkcounter=\count120
\Hy@pagecounter=\count121

(/usr/share/texlive/texmf-dist/tex/latex/hyperref/pd1enc.def
File: pd1enc.def 2018/02/06 v6.86b Hyperref: PDFDocEncoding definition (HO)
)
\Hy@SavedSpaceFactor=\count122

(/usr/share/texlive/texmf-dist/tex/latex/latexconfig/hyperref.cfg
File: hyperref.cfg 2002/06/06 v1.2 hyperref configuration of TeXLive
)
Package hyperref Info: Hyper figures OFF on input line 4509.
Package hyperref Info: Link nesting OFF on input line 4514.
Package hyperref Info: Hyper index ON on input line 4517.
Package hyperref Info: Plain pages OFF on input line 4524.
Package hyperref Info: Backreferencing OFF on input line 4529.
Package hyperref Info: Implicit mode ON; LaTeX internals redefined.
Package hyperref Info: Bookmarks ON on input line 4762.
\c@Hy@tempcnt=\count123

(/usr/share/texlive/texmf-dist/tex/latex/url/url.sty
\Urlmuskip=\muskip11
Package: url 2013/09/16  ver 3.4  Verb mode for urls, etc.
)
LaTeX Info: Redefining \url on input line 5115.
\XeTeXLinkMargin=\dimen161
\Fld@menulength=\count124
\Field@Width=\dimen162
\Fld@charsize=\dimen163
Package hyperref Info: Hyper figures OFF on input line 6369.
Package hyperref Info: Link nesting OFF on input line 6374.
Package hyperref Info: Hyper index ON on input line 6377.
Package hyperref Info: backreferencing OFF on input line 6384.
Package hyperref Info: Link coloring OFF on input line 6389.
Package hyperref Info: Link coloring with OCG OFF on input line 6394.
Package hyperref Info: PDF/A mode OFF on input line 6399.
LaTeX Info: Redefining \ref on input line 6439.
LaTeX Info: Redefining \pageref on input line 6443.
\Hy@abspage=\count125
\c@Item=\count126
\c@Hfootnote=\count127
)
Package hyperref Info: Driver (autodetected): hpdftex.

(/usr/share/texlive/texmf-dist/tex/latex/hyperref/hpdftex.def
File: hpdftex.def 2018/02/06 v6.86b Hyperref driver for pdfTeX
\Fld@listcount=\count128
\c@bookmark@seq@number=\count129

(/usr/share/texlive/texmf-dist/tex/latex/oberdiek/rerunfilecheck.sty
Package: rerunfilecheck 2016/05/16 v1.8 Rerun checks for auxiliary files (HO)
Package uniquecounter Info: New unique counter `rerunfilecheck' on input line 2
82.
)
\Hy@SectionHShift=\skip49
)
(/usr/share/texlive/texmf-dist/tex/latex/listings/listings.sty
\lst@mode=\count130
\lst@gtempboxa=\box41
\lst@token=\toks40
\lst@length=\count131
\lst@currlwidth=\dimen164
\lst@column=\count132
\lst@pos=\count133
\lst@lostspace=\dimen165
\lst@width=\dimen166
\lst@newlines=\count134
\lst@lineno=\count135
\lst@maxwidth=\dimen167

(/usr/share/texlive/texmf-dist/tex/latex/listings/lstmisc.sty
File: lstmisc.sty 2015/06/04 1.6 (Carsten Heinz)
\c@lstnumber=\count136
\lst@skipnumbers=\count137
\lst@framebox=\box42
)
(/usr/share/texlive/texmf-dist/tex/latex/listings/listings.cfg
File: listings.cfg 2015/06/04 1.6 listings configuration
))
Package: listings 2015/06/04 1.6 (Carsten Heinz)

(/usr/share/texlive/texmf-dist/tex/latex/svg/svg.sty
Package: svg 2017/11/29 v2.01 (include SVG pictures)

(/usr/share/texlive/texmf-dist/tex/latex/koma-script/scrbase.sty
Package: scrbase 2017/09/07 v3.24 KOMA-Script package (KOMA-Script-independent 
basics and keyval usage)

(/usr/share/texlive/texmf-dist/tex/latex/koma-script/scrlfile.sty
Package: scrlfile 2017/09/07 v3.24 KOMA-Script package (loading files)
))
(/usr/share/texlive/texmf-dist/tex/latex/tools/shellesc.sty
Package: shellesc 2016/06/07 v0.02a unified shell escape interface for LaTeX
Package shellesc Info: Restricted shell escape enabled on input line 69.
)
\c@svg@param@lastpage=\count138
\c@svg@param@currpage=\count139
)
(/usr/share/texlive/texmf-dist/tex/latex/oberdiek/transparent.sty
Package: transparent 2016/05/16 v1.1 Transparency via pdfTeX's color stack (HO)

)
\c@theorem=\count140
\c@proposition=\count141
 (./book.aux

LaTeX Warning: Label `fig:circuit' multiply defined.


LaTeX Warning: Label `fig:circuit' multiply defined.


LaTeX Warning: Label `fig:circuit' multiply defined.


LaTeX Warning: Label `fig:circuit' multiply defined.


LaTeX Warning: Label `fig:circuit' multiply defined.

)
\openout1 = `book.aux'.

LaTeX Font Info:    Checking defaults for OML/cmm/m/it on input line 58.
LaTeX Font Info:    ... okay on input line 58.
LaTeX Font Info:    Checking defaults for T1/cmr/m/n on input line 58.
LaTeX Font Info:    ... okay on input line 58.
LaTeX Font Info:    Checking defaults for OT1/cmr/m/n on input line 58.
LaTeX Font Info:    ... okay on input line 58.
LaTeX Font Info:    Checking defaults for OMS/cmsy/m/n on input line 58.
LaTeX Font Info:    ... okay on input line 58.
LaTeX Font Info:    Checking defaults for OMX/cmex/m/n on input line 58.
LaTeX Font Info:    ... okay on input line 58.
LaTeX Font Info:    Checking defaults for U/cmr/m/n on input line 58.
LaTeX Font Info:    ... okay on input line 58.
LaTeX Font Info:    Checking defaults for PD1/pdf/m/n on input line 58.
LaTeX Font Info:    ... okay on input line 58.
 ABD: EveryShipout initializing macros
(/usr/share/texlive/texmf-dist/tex/context/base/mkii/supp-pdf.mkii
[Loading MPS to PDF converter (version 2006.09.02).]
\scratchcounter=\count142
\scratchdimen=\dimen168
\scratchbox=\box43
\nofMPsegments=\count143
\nofMParguments=\count144
\everyMPshowfont=\toks41
\MPscratchCnt=\count145
\MPscratchDim=\dimen169
\MPnumerator=\count146
\makeMPintoPDFobject=\count147
\everyMPtoPDFconversion=\toks42
) (/usr/share/texlive/texmf-dist/tex/latex/oberdiek/epstopdf-base.sty
Package: epstopdf-base 2016/05/15 v2.6 Base part for package epstopdf

(/usr/share/texlive/texmf-dist/tex/latex/oberdiek/grfext.sty
Package: grfext 2016/05/16 v1.2 Manage graphics extensions (HO)
)
Package epstopdf-base Info: Redefining graphics rule for `.eps' on input line 4
38.
Package grfext Info: Graphics extension search list:
(grfext)             [.pdf,.png,.jpg,.mps,.jpeg,.jbig2,.jb2,.PDF,.PNG,.JPG,.JPE
G,.JBIG2,.JB2,.eps]
(grfext)             \AppendGraphicsExtensions on input line 456.

(/usr/share/texlive/texmf-dist/tex/latex/latexconfig/epstopdf-sys.cfg
File: epstopdf-sys.cfg 2010/07/13 v1.3 Configuration of (r)epstopdf for TeX Liv
e
))
\AtBeginShipoutBox=\box44
Package hyperref Info: Link coloring OFF on input line 58.

(/usr/share/texlive/texmf-dist/tex/latex/hyperref/nameref.sty
Package: nameref 2016/05/21 v2.44 Cross-referencing by name of section

(/usr/share/texlive/texmf-dist/tex/generic/oberdiek/gettitlestring.sty
Package: gettitlestring 2016/05/16 v1.5 Cleanup title references (HO)
)
\c@section@level=\count148
)
LaTeX Info: Redefining \ref on input line 58.
LaTeX Info: Redefining \pageref on input line 58.
LaTeX Info: Redefining \nameref on input line 58.

(./book.out) (./book.out)
\@outlinefile=\write4
\openout4 = `book.out'.

\c@lstlisting=\count149
 [1

{/var/lib/texmf/fonts/map/pdftex/updmap/pdftex.map}] (./book.toc
LaTeX Font Info:    Try loading font information for U+msa on input line 5.
 (/usr/share/texlive/texmf-dist/tex/latex/amsfonts/umsa.fd
File: umsa.fd 2013/01/14 v3.01 AMS symbols A
)
LaTeX Font Info:    Try loading font information for U+msb on input line 5.

(/usr/share/texlive/texmf-dist/tex/latex/amsfonts/umsb.fd
File: umsb.fd 2013/01/14 v3.01 AMS symbols B
))
\tf@toc=\write5
\openout5 = `book.toc'.

pdfTeX warning (ext4): destination with the same identifier (name{page.1}) has 
been already used, duplicate ignored
<to be read again> 
                   \relax 
l.101 \chapter
              *{Einf\"uhrung} [1

] [2

]
Chapter 1.

Underfull \hbox (badness 10000) in paragraph at lines 106--110

 []


Underfull \hbox (badness 10000) in paragraph at lines 112--124

 []


Underfull \hbox (badness 10000) in paragraph at lines 112--124

 []


Underfull \hbox (badness 10000) in paragraph at lines 112--124

 []


Overfull \hbox (4.3007pt too wide) in paragraph at lines 112--124
\OT1/cmr/m/n/10.95 Verzweigungsanweisungen repr^^?asentieren und aus Regeln, di
e fes-tle-gen welche
 []


Underfull \hbox (badness 10000) in paragraph at lines 112--124

 []

[3

] [4]
Overfull \hbox (14.18623pt too wide) in paragraph at lines 126--129
\OT1/cmr/m/n/10.95 Eine der ein-fach-sten und am le-icht-esten verst^^?andliche
n Arten von Programmier-
 []


Underfull \hbox (badness 10000) in paragraph at lines 126--129

 []


Overfull \hbox (16.75647pt too wide) in paragraph at lines 126--129
\OT1/cmr/m/n/10.95 Es folgt eine Beschrei-bung einer sehr ein-fachen Form einer
 GOTO-Programmier-
 []


Underfull \hbox (badness 10000) in paragraph at lines 129--130

 []


Overfull \hbox (0.9234pt too wide) in paragraph at lines 131--132
[][]\OT1/cmr/bx/n/10.95 Definition 1.1. []\OT1/cmr/m/it/10.95 Ein GOTO-Programm
 ist durch fol-gen-des Schema definiert: 
 []

[5] [6]
Overfull \hbox (3.96516pt too wide) in paragraph at lines 184--185
 []\OT1/cmr/bx/n/10.95 Nachfolger und Gle-ich-heit[] \OT1/cmr/m/n/10.95 Die Vor
g^^?angeroperation l^^?asst sich auch durch
 []


Overfull \hbox (13.69955pt too wide) in paragraph at lines 188--191
\OT1/cmr/m/n/10.95 Pro-gram-mier-sprachen sind unter an-derem auch WHILE-Progra
mmiersprachen. 
 []


Underfull \hbox (badness 10000) in paragraph at lines 188--191

 []

[7]
Overfull \hbox (2.06401pt too wide) in paragraph at lines 192--193
[][]\OT1/cmr/bx/n/10.95 Definition 1.2. []\OT1/cmr/m/it/10.95 Ein WHILE-Program
m ist durch fol-gen-des Schema definiert
 []


Overfull \hbox (24.07036pt too wide) in paragraph at lines 192--193
\OT1/cmr/m/it/10.95 ein-fach wo auch im-mer GOTO-Programm geschrieben steht, WH
ILE-Programm): 
 []


Overfull \hbox (5.70508pt too wide) in paragraph at lines 208--209
\OT1/cmr/m/it/10.95 Wir se-hen hier, wie bere-its f^^?ur GOTO-Programme gemacht
 ein WHILE-
 []


Overfull \hbox (22.37068pt too wide) in paragraph at lines 212--213
 [][]\OT1/cmr/bx/n/10.95 Ubungsbeispiel 5:[] \OT1/cmr/m/n/10.95 Mach []Ubungsbe
ispiel 1, 2 und 3 mit WHILE-Programmen,
 []


Overfull \hbox (2.4758pt too wide) in paragraph at lines 214--215
\OT1/cmr/m/n/10.95 sichtlichem Grund die GOTO-Programmiersprache, sowie jede Pr
ogrammier-
 []


Overfull \hbox (9.48691pt too wide) in paragraph at lines 214--215
\OT1/cmr/m/n/10.95 sprache, die jede Berech-nung ausf^^?uhren kann, die von ein
em GOTO-Programm
 []

[8]
Overfull \hbox (35.61485pt too wide) in paragraph at lines 215--216
\OT1/cmr/m/n/10.95 k^^?onnen sie mit WHILE-Programmen sowie GOTO-Programmen ber
e-its ausdr^^?ucken,
 []


Overfull \hbox (20.84589pt too wide) in paragraph at lines 217--218
[][]\OT1/cmr/bx/n/10.95 Definition 1.3. []\OT1/cmr/m/it/10.95 Sei $\OML/cmm/m/i
t/10.95 Z$ \OT1/cmr/m/it/10.95 eine Vari-able, $\OML/cmm/m/it/10.95 P$ \OT1/cmr
/m/it/10.95 und $\OML/cmm/m/it/10.95 Q$ \OT1/cmr/m/it/10.95 sind GOTO/WHILE-Pro
gramme,
 []


Overfull \hbox (2.26518pt too wide) in paragraph at lines 228--229
 [][]\OT1/cmr/bx/n/10.95 Ubungsbeispiel 7:[] \OT1/cmr/m/n/10.95 Schreibe ein WH
ILE-Programm, dass dieselbe Berech-
 []


Overfull \hbox (2.26518pt too wide) in paragraph at lines 230--231
 [][]\OT1/cmr/bx/n/10.95 Ubungsbeispiel 8:[] \OT1/cmr/m/n/10.95 Schreibe ein WH
ILE-Programm, dass dieselbe Berech-
 []

[9]
Overfull \hbox (2.35185pt too wide) in paragraph at lines 234--235
[]\OT1/cmr/bx/n/10.95 WHILE $\OMS/cmsy/m/n/10.95 !$ \OT1/cmr/bx/n/10.95 GOTO: \
OT1/cmr/m/n/10.95 Gegeben sei ein WHILE-Programm, wir k^^?onnen
 []


Overfull \hbox (13.72995pt too wide) in paragraph at lines 246--251
\OT1/cmr/m/n/10.95 Wenn dieser Prozess abgeschlossen ist, haben wir ein zu un-s
erem ur-spr^^?unglichen
 []


Underfull \hbox (badness 10000) in paragraph at lines 246--251

 []


Underfull \hbox (badness 10000) in paragraph at lines 256--259

 []


Overfull \hbox (12.51892pt too wide) in paragraph at lines 262--263
[][][][][][][][][][][][][][][][][][][][][] 
 []

[10]
Overfull \hbox (13.41566pt too wide) in paragraph at lines 274--275
\OT1/cmr/m/n/10.95 Po-si-tion. Das so erzeugte WHILE-Programm ist equiv-a-lent 
zum ur-spr^^?unglichen
 []


Underfull \hbox (badness 10000) in paragraph at lines 280--285

 []

[11]
Chapter 2.

Underfull \hbox (badness 10000) in paragraph at lines 289--327

 []

[12

]
Underfull \hbox (badness 10000) in paragraph at lines 353--356

 []

[13]
Underfull \hbox (badness 10000) in paragraph at lines 372--374

 []


Overfull \hbox (12.29999pt too wide) in paragraph at lines 376--377
[][][][][][][][][][][][][][][][][][][][][] 
 []


Overfull \hbox (60.58948pt too wide) in paragraph at lines 378--379
[][][][][][][][][][][][][][][][][][][][][][][] 
 []


Overfull \hbox (12.29999pt too wide) in paragraph at lines 382--383
[][][][][][][][][][][][][][][][][] 
 []


Overfull \hbox (39.89398pt too wide) in paragraph at lines 383--384
[][][][][][][][][][][][][][][][][][][][][][] 
 []


Overfull \hbox (6.52354pt too wide) in paragraph at lines 390--391
 [][]\OT1/cmr/bx/n/10.95 Ubungsbeispiel 11:[] \OT1/cmr/m/n/10.95 Spiele den Al-
go-rith-mus f^^?ur einige Beispiele von Zahlen
 []

[14]
Overfull \hbox (12.29999pt too wide) in paragraph at lines 418--419
[][][][][][][][][][][][][][][][][][][][][] 
 []


Overfull \hbox (60.58948pt too wide) in paragraph at lines 420--421
[][][][][][][][][][][][][][][][][][][][][][][] 
 []


Overfull \hbox (12.29999pt too wide) in paragraph at lines 424--425
[][][][][][][][][][][][][][][][][] 
 []

[15]
Overfull \hbox (39.89398pt too wide) in paragraph at lines 425--426
[][][][][][][][][][][][][][][][][][][][][][] 
 []


Overfull \hbox (6.52354pt too wide) in paragraph at lines 456--457
 [][]\OT1/cmr/bx/n/10.95 Ubungsbeispiel 13:[] \OT1/cmr/m/n/10.95 Spiele den Al-
go-rith-mus f^^?ur einige Beispiele von Zahlen
 []


Underfull \hbox (badness 10000) in paragraph at lines 457--460

 []


Underfull \hbox (badness 10000) in paragraph at lines 460--464

 []

[16] [17]
Chapter 3.

Underfull \hbox (badness 10000) in paragraph at lines 470--473

 []


Overfull \hbox (15.49417pt too wide) in paragraph at lines 473--477
\OT1/cmr/m/n/10.95 Um zu ^^?uberpr^^?ufen ob diese Aus-sage wahr ist, m^^?ussen
 wir die vierte Nachkomma-
 []


Underfull \hbox (badness 10000) in paragraph at lines 473--477

 []


Overfull \hbox (28.90793pt too wide) in paragraph at lines 482--486
\OT1/cmr/m/n/10.95 Aus-sagen nehmen und da-raus eine neue Aus-sage pro-duzieren
, deren Wahrheitswert
 []


Underfull \hbox (badness 10000) in paragraph at lines 482--486

 []

[18

]
Underfull \hbox (badness 10000) in paragraph at lines 518--525

 []


Overfull \hbox (23.88918pt too wide) in paragraph at lines 518--525
\OT1/cmr/m/n/10.95 durch diese Zuord-nung wer-den un-sere Sym-bol-ket-ten von l
o-gis-chen Verkn^^?upfungen
 []

[19]
Overfull \hbox (18.47217pt too wide) in paragraph at lines 530--531
[]\OT1/cmr/m/it/10.95 Jede aus-sagen-l-o-gis-che Formel wird aus den lo-gis-che
n Atomen und mehrma-
 []


Underfull \hbox (badness 10000) in paragraph at lines 536--539

 []

[20]
Overfull \hbox (9.2558pt too wide) in paragraph at lines 564--573
[]\OT1/cmr/m/n/10.95 Wir zeigen nun an-hand von einem Beispiel einer aus-sagen-
l-o-gis-chen Formeln
 []


Underfull \hbox (badness 10000) in paragraph at lines 564--573

 []


Overfull \hbox (4.64417pt too wide) in paragraph at lines 564--573
\OT1/cmr/bx/n/10.95 Beispiel\OT1/cmr/m/n/10.95 : Wir haben drei lo-gis-che Atom
e $\OML/cmm/m/it/10.95 ^^^[]$\OT1/cmr/m/n/10.95 , $\OML/cmm/m/it/10.95 ^^^[]$ \
OT1/cmr/m/n/10.95 und $\OML/cmm/m/it/10.95 ^^^[]$\OT1/cmr/m/n/10.95 , mit Wahrh
eitswerten
 []


Underfull \hbox (badness 10000) in paragraph at lines 564--573

 []


Underfull \hbox (badness 10000) in paragraph at lines 564--573

 []


Underfull \hbox (badness 10000) in paragraph at lines 564--573

 []

[21]
Underfull \hbox (badness 10000) in paragraph at lines 596--600

 []


Overfull \hbox (0.59003pt too wide) in paragraph at lines 596--600
\OT1/cmr/m/n/10.95 Wahrheitstafeln sind somit ein all-ge-meines For-mat zur Dar
stel-lung be-liebiger
 []


Underfull \hbox (badness 10000) in paragraph at lines 630--633

 []


Underfull \hbox (badness 10000) in paragraph at lines 647--652

 []


Underfull \hbox (badness 10000) in paragraph at lines 647--652

 []


Underfull \hbox (badness 10000) in paragraph at lines 647--652

 []

[22]
Underfull \hbox (badness 10000) in paragraph at lines 663--666

 []

[23]
Underfull \hbox (badness 10000) in paragraph at lines 680--683

 []


Underfull \hbox (badness 10000) in paragraph at lines 700--704

 []


Underfull \hbox (badness 10000) in paragraph at lines 712--716

 []

[24]
Overfull \hbox (17.54071pt too wide) in paragraph at lines 717--718
\OT1/cmr/m/it/10.95 Eins ist, dann nen-nen wir die Bele-gung $\OML/cmm/m/it/10.
95 ^^L$ \OT1/cmr/m/it/10.95 eine L^^?osung des Erf^^?ullbarketisproblems
 []


Underfull \hbox (badness 10000) in paragraph at lines 719--726

 []


Underfull \hbox (badness 10000) in paragraph at lines 719--726

 []


Underfull \hbox (badness 10000) in paragraph at lines 719--726

 []


Underfull \hbox (badness 10000) in paragraph at lines 734--739

 []


Underfull \hbox (badness 10000) in paragraph at lines 734--739

 []

[25]
Underfull \hbox (badness 10000) in paragraph at lines 745--750

 []


Underfull \hbox (badness 10000) in paragraph at lines 745--750

 []


Underfull \hbox (badness 10000) in paragraph at lines 759--765

 []


Underfull \hbox (badness 10000) in paragraph at lines 759--765

 []

[26]
Overfull \hbox (40.83127pt too wide) in paragraph at lines 773--778
\OT1/cmr/m/n/10.95 Bisher haben wir auss-chlie^^Ylich Um-for-mungen bez^^?uglic
h der lo-gis-chen Verkn^^?upfungen
 []


Underfull \hbox (badness 10000) in paragraph at lines 773--778

 []


Underfull \hbox (badness 10000) in paragraph at lines 773--778

 []


Underfull \hbox (badness 10000) in paragraph at lines 786--789

 []

[27]
Overfull \hbox (1.45909pt too wide) in paragraph at lines 806--810
 [][]\OT1/cmr/bx/n/10.95 Ubungsbeispiel 27:[] \OT1/cmr/m/n/10.95 Zeige durch An
-wen-dung der De-Mor-gan-schen Gesetze
 []


Overfull \hbox (5.50731pt too wide) in paragraph at lines 811--816
\OT1/cmr/m/n/10.95 erf^^?ullt. Da es aber im-mer mehr als eine Formel gibt, wel
che dieselbe Wahrheit-
 []


Underfull \hbox (badness 10000) in paragraph at lines 811--816

 []


Underfull \hbox (badness 10000) in paragraph at lines 811--816

 []

[28]
Underfull \hbox (badness 10000) in paragraph at lines 830--836

 []


Underfull \hbox (badness 10000) in paragraph at lines 830--836

 []


Overfull \hbox (6.98236pt too wide) in paragraph at lines 838--851
[][] 
 []


Overfull \hbox (6.98236pt too wide) in paragraph at lines 853--866
[][] 
 []


Overfull \hbox (6.98236pt too wide) in paragraph at lines 868--881
[][] 
 []


Overfull \hbox (6.98236pt too wide) in paragraph at lines 883--896
[][] 
 []


Underfull \hbox (badness 10000) in paragraph at lines 901--908

 []


Underfull \hbox (badness 10000) in paragraph at lines 901--908

 []

[29]
Underfull \hbox (badness 10000) in paragraph at lines 916--921

 []


Underfull \hbox (badness 10000) in paragraph at lines 916--921

 []


Underfull \hbox (badness 10000) in paragraph at lines 923--927

 []

[30]
Underfull \hbox (badness 10000) in paragraph at lines 933--936

 []


Overfull \hbox (2.0802pt too wide) in paragraph at lines 953--955
[]\OT1/cmr/m/n/10.95 Nachdem wir bere-its ^^?uber die Dis-junk-tive Nor-mal-for
m gese-hen haben,
 []

[31] [32]
Chapter 4.

Overfull \hbox (10.41454pt too wide) in paragraph at lines 972--973
\OT1/cmr/m/n/10.95 elek-trischen Schaltkreisen aus Wasser-schl^^?auchen und Ven
-tilen oder Zahnr^^?adern
 []


Underfull \hbox (badness 10000) in paragraph at lines 974--979

 []

(./circuit.pdf_tex
<circuit.pdf, id=538, page=1, 240.9pt x 180.675pt>
File: circuit.pdf Graphic file (type pdf)
<use circuit.pdf, page 1>
Package pdftex.def Info: circuit.pdf , page1 used on input line 56.
(pdftex.def)             Requested size: 240.9pt x 180.68005pt.
Missing character: There is no â in font cmr10!
Missing character: There is no „ in font cmr10!
Missing character: There is no ¦ in font cmr10!
<circuit.pdf, id=539, page=2, 240.9pt x 180.675pt>
File: circuit.pdf Graphic file (type pdf)
<use circuit.pdf, page 2>
Package pdftex.def Info: circuit.pdf , page2 used on input line 58.
(pdftex.def)             Requested size: 240.9pt x 180.68005pt.
Missing character: There is no â in font cmr10!
Missing character: There is no „ in font cmr10!
Missing character: There is no ¦ in font cmr10!
<circuit.pdf, id=540, page=3, 240.9pt x 180.675pt>
File: circuit.pdf Graphic file (type pdf)
<use circuit.pdf, page 3>
Package pdftex.def Info: circuit.pdf , page3 used on input line 60.
(pdftex.def)             Requested size: 240.9pt x 180.68005pt.
<circuit.pdf, id=541, page=4, 240.9pt x 180.675pt>
File: circuit.pdf Graphic file (type pdf)
<use circuit.pdf, page 4>
Package pdftex.def Info: circuit.pdf , page4 used on input line 62.
(pdftex.def)             Requested size: 240.9pt x 180.68005pt.
)
Missing character: There is no Ã in font cmr10!
Missing character: There is no ¶ in font cmr10!
Missing character: There is no Ã in font cmr10!
Missing character: There is no Ÿ in font cmr10!

Overfull \hbox (5.36253pt too wide) in paragraph at lines 988--1002
[]\OT1/cmr/m/n/10.95 Es han-delt sich hier um einen elek-trischen Stromkreis in
 dem drei Bauteile,
 []


Underfull \hbox (badness 10000) in paragraph at lines 988--1002

 []


Underfull \hbox (badness 10000) in paragraph at lines 988--1002

 []


Underfull \hbox (badness 10000) in paragraph at lines 988--1002

 []


Underfull \hbox (badness 10000) in paragraph at lines 988--1002

 []


Underfull \hbox (badness 10000) in paragraph at lines 988--1002

 []


Underfull \hbox (badness 10000) in paragraph at lines 988--1002

 []

[33

 <./circuit.pdf> <./circuit.pdf

pdfTeX warning: /usr/bin/pdflatex (file ./circuit.pdf): PDF inclusion: multiple
 pdfs with page group included in a single page
> <./circuit.pdf

pdfTeX warning: /usr/bin/pdflatex (file ./circuit.pdf): PDF inclusion: multiple
 pdfs with page group included in a single page
> <./circuit.pdf

pdfTeX warning: /usr/bin/pdflatex (file ./circuit.pdf): PDF inclusion: multiple
 pdfs with page group included in a single page
>]
Overfull \hbox (5.38637pt too wide) in paragraph at lines 1002--1002
[]\OT1/cmr/bx/n/14.4 Die drei Grundge-setze elek-trischer Stromkreise 
 []


Overfull \hbox (7.49461pt too wide) in paragraph at lines 1003--1010
\OT1/cmr/m/n/10.95 Entsprechend der bere-its vorgestell-ten An-schau-ung des Fl
u^^Yes einer Fl^^?u^^Yigkeit
 []


Underfull \hbox (badness 10000) in paragraph at lines 1003--1010

 []


Overfull \hbox (1.83708pt too wide) in paragraph at lines 1003--1010
\OT1/cmr/m/n/10.95 keine Naturge-setze darstellen, son-dern in er-ster Linie de
r ein-facheren Darstel-
 []


Overfull \hbox (2.99294pt too wide) in paragraph at lines 1003--1010
\OT1/cmr/m/n/10.95 lung des Sachver-haltes di-enen, sind die An-nah-men, dass i
n-ner-halb der Punkte
 []


Underfull \hbox (badness 10000) in paragraph at lines 1003--1010

 []


Underfull \hbox (badness 10000) in paragraph at lines 1003--1010

 []

[34] (./flow.pdf_tex
<flow.pdf, id=553, page=1, 75.28125pt x 90.3375pt>
File: flow.pdf Graphic file (type pdf)
<use flow.pdf, page 1>
Package pdftex.def Info: flow.pdf , page1 used on input line 56.
(pdftex.def)             Requested size: 75.28125pt x 90.34554pt.
<flow.pdf, id=554, page=2, 75.28125pt x 90.3375pt>
File: flow.pdf Graphic file (type pdf)
<use flow.pdf, page 2>
Package pdftex.def Info: flow.pdf , page2 used on input line 58.
(pdftex.def)             Requested size: 75.28125pt x 90.34554pt.
<flow.pdf, id=555, page=3, 75.28125pt x 90.3375pt>
File: flow.pdf Graphic file (type pdf)
<use flow.pdf, page 3>
Package pdftex.def Info: flow.pdf , page3 used on input line 60.
(pdftex.def)             Requested size: 75.28125pt x 90.34554pt.
<flow.pdf, id=556, page=4, 75.28125pt x 90.3375pt>
File: flow.pdf Graphic file (type pdf)
<use flow.pdf, page 4>
Package pdftex.def Info: flow.pdf , page4 used on input line 62.
(pdftex.def)             Requested size: 75.28125pt x 90.34554pt.
) (./aufgabe.pdf_tex
<aufgabe.pdf, id=557, page=1, 75.28125pt x 90.3375pt>
File: aufgabe.pdf Graphic file (type pdf)
<use aufgabe.pdf, page 1>
Package pdftex.def Info: aufgabe.pdf , page1 used on input line 56.
(pdftex.def)             Requested size: 75.28125pt x 90.34554pt.
<aufgabe.pdf, id=558, page=2, 75.28125pt x 90.3375pt>
File: aufgabe.pdf Graphic file (type pdf)
<use aufgabe.pdf, page 2>
Package pdftex.def Info: aufgabe.pdf , page2 used on input line 58.
(pdftex.def)             Requested size: 75.28125pt x 90.34554pt.
<aufgabe.pdf, id=559, page=3, 75.28125pt x 90.3375pt>
File: aufgabe.pdf Graphic file (type pdf)
<use aufgabe.pdf, page 3>
Package pdftex.def Info: aufgabe.pdf , page3 used on input line 60.
(pdftex.def)             Requested size: 75.28125pt x 90.34554pt.
<aufgabe.pdf, id=560, page=4, 75.28125pt x 90.3375pt>
File: aufgabe.pdf Graphic file (type pdf)
<use aufgabe.pdf, page 4>
Package pdftex.def Info: aufgabe.pdf , page4 used on input line 62.
(pdftex.def)             Requested size: 75.28125pt x 90.34554pt.
<aufgabe.pdf, id=561, page=5, 75.28125pt x 90.3375pt>
File: aufgabe.pdf Graphic file (type pdf)
<use aufgabe.pdf, page 5>
Package pdftex.def Info: aufgabe.pdf , page5 used on input line 64.
(pdftex.def)             Requested size: 75.28125pt x 90.34554pt.
)
Overfull \hbox (1.74823pt too wide) in paragraph at lines 1021--1029
[]\OT1/cmr/bx/n/10.95 Ubungsbeispiel\OT1/cmr/m/n/10.95 : For-muliere das Kon-ti
-nuit^^?atsgesetz f^^?ur die fol-gende Anord-
 []

[35 <./flow.pdf> <./flow.pdf

pdfTeX warning: /usr/bin/pdflatex (file ./flow.pdf): PDF inclusion: multiple pd
fs with page group included in a single page
> <./flow.pdf

pdfTeX warning: /usr/bin/pdflatex (file ./flow.pdf): PDF inclusion: multiple pd
fs with page group included in a single page
> <./flow.pdf

pdfTeX warning: /usr/bin/pdflatex (file ./flow.pdf): PDF inclusion: multiple pd
fs with page group included in a single page
>]
Missing character: There is no Ã in font cmr10!
Missing character: There is no ¤ in font cmr10!
Missing character: There is no Ã in font cmr10!
Missing character: There is no ¼ in font cmr10!

Overfull \hbox (10.36789pt too wide) in paragraph at lines 1034--1035
[][]\OT1/cmr/bx/n/10.95 Theorem 4.1. []\OT1/cmr/m/it/10.95 Gegeben sei ein elek
-trischer Stromkreis, dann gilt die Maschen-
 []

Missing character: There is no Ã in font cmr10!
Missing character: There is no ¤ in font cmr10!
Missing character: There is no Ã in font cmr10!
Missing character: There is no ¼ in font cmr10!
Missing character: There is no Ã in font cmr10!
Missing character: There is no ¶ in font cmr10!
Missing character: There is no Ã in font cmr10!
Missing character: There is no ¶ in font cmr10!
Missing character: There is no Ã in font cmr10!
Missing character: There is no ¼ in font cmr10!

Underfull \hbox (badness 10000) in paragraph at lines 1040--1045

 []


Overfull \hbox (2.4622pt too wide) in paragraph at lines 1040--1045
\OT1/cmr/bx/n/10.95 Spannungs-Kennlinie \OT1/cmr/m/n/10.95 oder all-ge-meiner \
OT1/cmr/bx/n/10.95 Charak-ter-is-tik \OT1/cmr/m/n/10.95 kurz $^^H$ bes-timmt.
 []

[36 <./aufgabe.pdf> <./aufgabe.pdf

pdfTeX warning: /usr/bin/pdflatex (file ./aufgabe.pdf): PDF inclusion: multiple
 pdfs with page group included in a single page
> <./aufgabe.pdf

pdfTeX warning: /usr/bin/pdflatex (file ./aufgabe.pdf): PDF inclusion: multiple
 pdfs with page group included in a single page
> <./aufgabe.pdf

pdfTeX warning: /usr/bin/pdflatex (file ./aufgabe.pdf): PDF inclusion: multiple
 pdfs with page group included in a single page
> <./aufgabe.pdf

pdfTeX warning: /usr/bin/pdflatex (file ./aufgabe.pdf): PDF inclusion: multiple
 pdfs with page group included in a single page
>]
Overfull \hbox (27.16386pt too wide) in paragraph at lines 1046--1047
\OT1/cmr/m/it/10.95 repr^^?asentieren und die restlichen Kom-po-nen-ten die ent
sprechen-den Stromst^^?arken.[][][] 
 []

Missing character: There is no Ã in font cmr10!
Missing character: There is no ¼ in font cmr10!
Missing character: There is no Ã in font cmr10!
Missing character: There is no ¤ in font cmr10!
(./ideal_spannung.pdf_tex
<ideal_spannung.pdf, id=581, page=1, 433.62pt x 289.08pt>
File: ideal_spannung.pdf Graphic file (type pdf)
<use ideal_spannung.pdf, page 1>
Package pdftex.def Info: ideal_spannung.pdf , page1 used on input line 56.
(pdftex.def)             Requested size: 433.62pt x 289.09251pt.
)
Underfull \hbox (badness 10000) in paragraph at lines 1048--1059

 []

(./gluhbirne.pdf_tex
<gluhbirne.pdf, id=582, page=1, 433.62pt x 289.08pt>
File: gluhbirne.pdf Graphic file (type pdf)
<use gluhbirne.pdf, page 1>
Package pdftex.def Info: gluhbirne.pdf , page1 used on input line 56.
(pdftex.def)             Requested size: 433.62pt x 289.09251pt.
)
Underfull \hbox (badness 10000) in paragraph at lines 1060--1070

 []

[37 <./ideal_spannung.pdf>]
Missing character: There is no Ã in font cmr10!
Missing character: There is no ¼ in font cmr10!
Missing character: There is no Ã in font cmr10!
Missing character: There is no ¼ in font cmr10!

Underfull \hbox (badness 10000) in paragraph at lines 1071--1075

 []


Underfull \hbox (badness 10000) in paragraph at lines 1071--1075

 []

Missing character: There is no Ã in font cmr10!
Missing character: There is no ¤ in font cmr10!
Missing character: There is no Ã in font cmr10!
Missing character: There is no ¤ in font cmr10!
Missing character: There is no Ã in font cmr10!
Missing character: There is no ¤ in font cmr10!
Missing character: There is no Ã in font cmr10!
Missing character: There is no ¤ in font cmr10!

Overfull \hbox (0.74214pt too wide) in paragraph at lines 1076--1087
\OT1/cmr/m/n/10.95 Die Charak-ter-is-tiken der elek-trischen Bauteile wiederum 
legen f^^?ur jede Kante
 []


Underfull \hbox (badness 10000) in paragraph at lines 1076--1087

 []


Underfull \hbox (badness 10000) in paragraph at lines 1076--1087

 []

[38 <./gluhbirne.pdf>]
Missing character: There is no Ã in font cmr10!
Missing character: There is no ¤ in font cmr10!
Missing character: There is no Ã in font cmr10!
Missing character: There is no ¼ in font cmr10!
Missing character: There is no Ã in font cmr10!
Missing character: There is no ¤ in font cmr10!
 (./widerstand.pdf_tex
<widerstand.pdf, id=608, page=1, 433.62pt x 289.08pt>
File: widerstand.pdf Graphic file (type pdf)
<use widerstand.pdf, page 1>
Package pdftex.def Info: widerstand.pdf , page1 used on input line 56.
(pdftex.def)             Requested size: 433.62pt x 289.09251pt.
)
Missing character: There is no Ã in font cmr10!
Missing character: There is no ¼ in font cmr10!

Underfull \hbox (badness 10000) in paragraph at lines 1097--1107

 []


Underfull \hbox (badness 10000) in paragraph at lines 1097--1107

 []


Underfull \hbox (badness 10000) in paragraph at lines 1097--1107

 []


Underfull \hbox (badness 10000) in paragraph at lines 1097--1107

 []

[39 <./widerstand.pdf>] [40]
Chapter 5.

Underfull \hbox (badness 10000) in paragraph at lines 1133--1137

 []

[41

]
Underfull \hbox (badness 10000) in paragraph at lines 1138--1147

 []


Underfull \hbox (badness 10000) in paragraph at lines 1138--1147

 []


Overfull \hbox (7.55417pt too wide) in paragraph at lines 1138--1147
\OT1/cmr/m/n/10.95 fehl ausspucken, oder im Fall einer IF Verzwei-gung einige B
e-fehle ^^?uberspringen
 []


Underfull \hbox (badness 10000) in paragraph at lines 1138--1147

 []

[42]
Overfull \hbox (11.71478pt too wide) in paragraph at lines 1159--1160
 []\OT1/cmr/bx/n/10.95 LOAD + 4 bit Wort:[] $\OT1/cmr/m/n/10.95 (\OML/cmm/m/it/
10.95 b[]; b[]; b[]\OT1/cmr/m/n/10.95 ) = (1\OML/cmm/m/it/10.95 ; \OT1/cmr/m/n/
10.95 0\OML/cmm/m/it/10.95 ; \OT1/cmr/m/n/10.95 1)$ Schreibt das Wort $(\OML/cm
m/m/it/10.95 a[]; a[]; a[]; a[]\OT1/cmr/m/n/10.95 )$
 []


Underfull \hbox (badness 10000) in paragraph at lines 1161--1165

 []

[43] [44]
Package atveryend Info: Empty hook `BeforeClearDocument' on input line 1168.
Package atveryend Info: Empty hook `AfterLastShipout' on input line 1168.
 (./book.aux)
Package atveryend Info: Executing hook `AtVeryEndDocument' on input line 1168.
Package atveryend Info: Executing hook `AtEndAfterFileList' on input line 1168.

Package rerunfilecheck Info: File `book.out' has not changed.
(rerunfilecheck)             Checksum: C125F7E1667FB3B508BAAEED3AE97094;1942.


LaTeX Warning: There were multiply-defined labels.

Package atveryend Info: Empty hook `AtVeryVeryEnd' on input line 1168.
 ) 
Here is how much of TeX's memory you used:
 18195 strings out of 494923
 333792 string characters out of 6180743
 416328 words of memory out of 5000000
 20863 multiletter control sequences out of 15000+600000
 15598 words of font info for 58 fonts, out of 8000000 for 9000
 14 hyphenation exceptions out of 8191
 55i,16n,54p,1320b,1821s stack positions out of 5000i,500n,10000p,200000b,80000s
</usr/share/texlive/texmf-dist/fonts/type1/public/amsfonts/cm/cmbx10.pfb></us
r/share/texlive/texmf-dist/fonts/type1/public/amsfonts/cm/cmbx12.pfb></usr/shar
e/texlive/texmf-dist/fonts/type1/public/amsfonts/cm/cmbxti10.pfb></usr/share/te
xlive/texmf-dist/fonts/type1/public/amsfonts/cm/cmcsc10.pfb></usr/share/texlive
/texmf-dist/fonts/type1/public/amsfonts/cm/cmex10.pfb></usr/share/texlive/texmf
-dist/fonts/type1/public/amsfonts/cm/cmitt10.pfb></usr/share/texlive/texmf-dist
/fonts/type1/public/amsfonts/cm/cmmi10.pfb></usr/share/texlive/texmf-dist/fonts
/type1/public/amsfonts/cm/cmmi8.pfb></usr/share/texlive/texmf-dist/fonts/type1/
public/amsfonts/cm/cmmi9.pfb></usr/share/texlive/texmf-dist/fonts/type1/public/
amsfonts/cm/cmr10.pfb></usr/share/texlive/texmf-dist/fonts/type1/public/amsfont
s/cm/cmr12.pfb></usr/share/texlive/texmf-dist/fonts/type1/public/amsfonts/cm/cm
r6.pfb></usr/share/texlive/texmf-dist/fonts/type1/public/amsfonts/cm/cmr8.pfb><
/usr/share/texlive/texmf-dist/fonts/type1/public/amsfonts/cm/cmr9.pfb></usr/sha
re/texlive/texmf-dist/fonts/type1/public/amsfonts/cm/cmsy10.pfb></usr/share/tex
live/texmf-dist/fonts/type1/public/amsfonts/cm/cmsy9.pfb></usr/share/texlive/te
xmf-dist/fonts/type1/public/amsfonts/cm/cmti10.pfb></usr/share/texlive/texmf-di
st/fonts/type1/public/amsfonts/cm/cmti12.pfb></usr/share/texlive/texmf-dist/fon
ts/type1/public/amsfonts/cm/cmtt10.pfb>
Output written on book.pdf (45 pages, 388948 bytes).
PDF statistics:
 799 PDF objects out of 1000 (max. 8388607)
 702 compressed objects within 8 object streams
 322 named destinations out of 1000 (max. 500000)
 317 words of extra memory for PDF output out of 10000 (max. 10000000)

